Unity Editor version:    2022.3.7f1 (b16b3b16c7a0)
Branch:                  2022.3/staging
Build type:              Release
Batch mode:              YES
macOS version:           Version 13.5.1 (Build 22G90)
Darwin version:          22.6.0
Architecture:            x86_64
Running under Rosetta:   NO
Available memory:        16384 MB
Using pre-set license
Pro License: YES

COMMAND LINE ARGUMENTS:
/Applications/Unity/Hub/Editor/2022.3.7f1/Unity.app/Contents/MacOS/Unity
-adb2
-batchMode
-noUpm
-name
AssetImportWorker0
-projectPath
/Users/jackson/Documents/GitHub/MAGD-372-Projects/372 Assignments and Projects
-logFile
Logs/AssetImportWorker0.log
-srvPort
50386
Successfully changed project path to: /Users/jackson/Documents/GitHub/MAGD-372-Projects/372 Assignments and Projects
/Users/jackson/Documents/GitHub/MAGD-372-Projects/372 Assignments and Projects
[UnityMemory] Configuration Parameters - Can be set up in boot.config
    "memorysetup-bucket-allocator-granularity=16"
    "memorysetup-bucket-allocator-bucket-count=8"
    "memorysetup-bucket-allocator-block-size=33554432"
    "memorysetup-bucket-allocator-block-count=8"
    "memorysetup-main-allocator-block-size=16777216"
    "memorysetup-thread-allocator-block-size=16777216"
    "memorysetup-gfx-main-allocator-block-size=16777216"
    "memorysetup-gfx-thread-allocator-block-size=16777216"
    "memorysetup-cache-allocator-block-size=4194304"
    "memorysetup-typetree-allocator-block-size=2097152"
    "memorysetup-profiler-bucket-allocator-granularity=16"
    "memorysetup-profiler-bucket-allocator-bucket-count=8"
    "memorysetup-profiler-bucket-allocator-block-size=33554432"
    "memorysetup-profiler-bucket-allocator-block-count=8"
    "memorysetup-profiler-allocator-block-size=16777216"
    "memorysetup-profiler-editor-allocator-block-size=1048576"
    "memorysetup-temp-allocator-size-main=16777216"
    "memorysetup-job-temp-allocator-block-size=2097152"
    "memorysetup-job-temp-allocator-block-size-background=1048576"
    "memorysetup-job-temp-allocator-reduction-small-platforms=262144"
    "memorysetup-allocator-temp-initial-block-size-main=262144"
    "memorysetup-allocator-temp-initial-block-size-worker=262144"
    "memorysetup-temp-allocator-size-background-worker=32768"
    "memorysetup-temp-allocator-size-job-worker=262144"
    "memorysetup-temp-allocator-size-preload-manager=33554432"
    "memorysetup-temp-allocator-size-nav-mesh-worker=65536"
    "memorysetup-temp-allocator-size-audio-worker=65536"
    "memorysetup-temp-allocator-size-cloud-worker=32768"
    "memorysetup-temp-allocator-size-gi-baking-worker=262144"
    "memorysetup-temp-allocator-size-gfx=262144"
Player connection [140704629298944] Host "[IP] 172.22.127.236 [Port] 0 [Flags] 2 [Guid] 938546342 [EditorId] 938546342 [Version] 1048832 [Id] OSXEditor(0,Jacksons-MacBook-Pro.local) [Debug] 1 [PackageName] OSXEditor [ProjectName] Editor" joined multi-casting on [225.0.0.222:54997]...

Player connection [140704629298944] Host "[IP] 172.22.127.236 [Port] 0 [Flags] 2 [Guid] 938546342 [EditorId] 938546342 [Version] 1048832 [Id] OSXEditor(0,Jacksons-MacBook-Pro.local) [Debug] 1 [PackageName] OSXEditor [ProjectName] Editor" joined alternative multi-casting on [225.0.0.222:34997]...

Refreshing native plugins compatible for Editor in 5.61 ms, found 3 plugins.
Preloading 0 native plugins for Editor in 0.00 ms.
Initialize engine version: 2022.3.7f1 (b16b3b16c7a0)
[Subsystems] Discovering subsystems at path /Applications/Unity/Hub/Editor/2022.3.7f1/Unity.app/Contents/Resources/UnitySubsystems
[Subsystems] Discovering subsystems at path /Users/jackson/Documents/GitHub/MAGD-372-Projects/372 Assignments and Projects/Assets
GfxDevice: creating device client; threaded=0; jobified=0
Color LCD preferred device: AMD Radeon Pro 5500M (high power)
Metal devices available: 2
0: AMD Radeon Pro 5500M (high power)
1: Intel(R) UHD Graphics 630 (low power)
Using device AMD Radeon Pro 5500M (high power)
Initializing Metal device caps: AMD Radeon Pro 5500M
Initialize mono
Mono path[0] = '/Applications/Unity/Hub/Editor/2022.3.7f1/Unity.app/Contents/Managed'
Mono path[1] = '/Applications/Unity/Hub/Editor/2022.3.7f1/Unity.app/Contents/MonoBleedingEdge/lib/mono/unityjit-macos'
Mono config path = '/Applications/Unity/Hub/Editor/2022.3.7f1/Unity.app/Contents/MonoBleedingEdge/etc'
Using monoOptions --debugger-agent=transport=dt_socket,embedding=1,server=y,suspend=n,address=127.0.0.1:56132
Begin MonoManager ReloadAssembly
Registering precompiled unity dll's ...
Register platform support module: /Applications/Unity/Hub/Editor/2022.3.7f1/Unity.app/Contents/PlaybackEngines/MacStandaloneSupport/UnityEditor.OSXStandalone.Extensions.dll
Registered in 0.001357 seconds.
- Loaded All Assemblies, in  0.418 seconds
Native extension for OSXStandalone target not found
Mono: successfully reloaded assembly
- Finished resetting the current domain, in  0.336 seconds
Domain Reload Profiling: 754ms
	BeginReloadAssembly (100ms)
		ExecutionOrderSort (0ms)
		DisableScriptedObjects (0ms)
		BackupInstance (0ms)
		ReleaseScriptingObjects (0ms)
		CreateAndSetChildDomain (1ms)
	RebuildCommonClasses (49ms)
	RebuildNativeTypeToScriptingClass (13ms)
	initialDomainReloadingComplete (63ms)
	LoadAllAssembliesAndSetupDomain (192ms)
		LoadAssemblies (98ms)
		RebuildTransferFunctionScriptingTraits (0ms)
		AnalyzeDomain (191ms)
			TypeCache.Refresh (189ms)
				TypeCache.ScanAssembly (173ms)
			ScanForSourceGeneratedMonoScriptInfo (0ms)
			ResolveRequiredComponents (1ms)
	FinalizeReload (336ms)
		ReleaseScriptCaches (0ms)
		RebuildScriptCaches (0ms)
		SetupLoadedEditorAssemblies (256ms)
			LogAssemblyErrors (0ms)
			InitializePlatformSupportModulesInManaged (11ms)
			SetLoadedEditorAssemblies (9ms)
			RefreshPlugins (0ms)
			BeforeProcessingInitializeOnLoad (3ms)
			ProcessInitializeOnLoadAttributes (173ms)
			ProcessInitializeOnLoadMethodAttributes (60ms)
			AfterProcessingInitializeOnLoad (0ms)
			EditorAssembliesLoaded (0ms)
		ExecutionOrderSort2 (0ms)
		AwakeInstancesAfterBackupRestoration (0ms)
========================================================================
Worker process is ready to serve import requests
Begin MonoManager ReloadAssembly
Symbol file LoadedFromMemory doesn't match image /Users/jackson/Documents/GitHub/MAGD-372-Projects/372 Assignments and Projects/Library/PackageCache/com.unity.visualscripting@1.8.0/Editor/VisualScripting.Core/Dependencies/YamlDotNet/Unity.VisualScripting.YamlDotNet.dll
Symbol file LoadedFromMemory doesn't match image /Users/jackson/Documents/GitHub/MAGD-372-Projects/372 Assignments and Projects/Library/PackageCache/com.unity.visualscripting@1.8.0/Editor/VisualScripting.Core/Dependencies/DotNetZip/Unity.VisualScripting.IonicZip.dll
- Loaded All Assemblies, in  0.992 seconds
Refreshing native plugins compatible for Editor in 2.30 ms, found 3 plugins.
Native extension for OSXStandalone target not found
Mono: successfully reloaded assembly
- Finished resetting the current domain, in  1.206 seconds
Domain Reload Profiling: 2197ms
	BeginReloadAssembly (160ms)
		ExecutionOrderSort (0ms)
		DisableScriptedObjects (7ms)
		BackupInstance (0ms)
		ReleaseScriptingObjects (0ms)
		CreateAndSetChildDomain (33ms)
	RebuildCommonClasses (51ms)
	RebuildNativeTypeToScriptingClass (16ms)
	initialDomainReloadingComplete (50ms)
	LoadAllAssembliesAndSetupDomain (714ms)
		LoadAssemblies (373ms)
		RebuildTransferFunctionScriptingTraits (0ms)
		AnalyzeDomain (414ms)
			TypeCache.Refresh (354ms)
				TypeCache.ScanAssembly (330ms)
			ScanForSourceGeneratedMonoScriptInfo (39ms)
			ResolveRequiredComponents (16ms)
	FinalizeReload (1206ms)
		ReleaseScriptCaches (0ms)
		RebuildScriptCaches (0ms)
		SetupLoadedEditorAssemblies (915ms)
			LogAssemblyErrors (0ms)
			InitializePlatformSupportModulesInManaged (4ms)
			SetLoadedEditorAssemblies (7ms)
			RefreshPlugins (0ms)
			BeforeProcessingInitializeOnLoad (106ms)
			ProcessInitializeOnLoadAttributes (731ms)
			ProcessInitializeOnLoadMethodAttributes (64ms)
			AfterProcessingInitializeOnLoad (2ms)
			EditorAssembliesLoaded (0ms)
		ExecutionOrderSort2 (0ms)
		AwakeInstancesAfterBackupRestoration (5ms)
Launching external process: /Applications/Unity/Hub/Editor/2022.3.7f1/Unity.app/Contents/Tools/UnityShaderCompiler
Launched and connected shader compiler UnityShaderCompiler after 0.08 seconds
Refreshing native plugins compatible for Editor in 2.14 ms, found 3 plugins.
Preloading 0 native plugins for Editor in 0.00 ms.
Unloading 7506 Unused Serialized files (Serialized files now loaded: 0)
Unloading 246 unused Assets / (12.1 MB). Loaded Objects now: 7839.
Memory consumption went from 357.3 MB to 345.2 MB.
Total: 7.909741 ms (FindLiveObjects: 0.554331 ms CreateObjectMapping: 0.550243 ms MarkObjects: 4.008974 ms  DeleteObjects: 2.795172 ms)

AssetImportParameters requested are different than current active one (requested -> active):
  custom:container-demuxer-ogg: 62fdf1f143b41e24485cea50d1cbac27 -> 
  custom:container-muxer-webm: aa71ff27fc2769a1b78a27578f13a17b -> 
  custom:video-decoder-webm-vp8: 9c59270c3fd7afecdb556c50c9e8de78 -> 
  custom:SearchIndexIgnoredProperties: e643bd26f0fe6173181afceb89e7c659 -> 
  custom:AudioImporter_EditorPlatform: 3918e3fc78b5a79bad01e8451be0beb8 -> 
  custom:audio-decoder-ogg-vorbis: bf7c407c2cedff20999df2af8eb42d56 -> 
  custom:audio-encoder-webm-vorbis: bf7c407c2cedff20999df2af8eb42d56 -> 
  custom:video-decoder-ogg-theora: a1e56fd34408186e4bbccfd4996cb3dc -> 
  custom:CustomObjectIndexerAttribute: a3ef5dd2817f97addfee359851a9dba5 -> 
  custom:container-demuxer-webm: 4f35f7cbe854078d1ac9338744f61a02 -> 
  custom:framework-osx-AVFoundation: e770b220cccbd017edd2c1fefb359320 -> 
  custom:video-encoder-webm-vp8: eb34c28f22e8b96e1ab97ce403110664 -> 
========================================================================
Received Import Request.
  Time since last request: 10071.188137 seconds.
  path: Assets/Asset Forge Models
  artifactKey: Guid(603ee71fc257d4353b4a1576b3746eeb) Importer(815301076,1909f56bfc062723c751e8b465ee728b)
Start importing Assets/Asset Forge Models using Guid(603ee71fc257d4353b4a1576b3746eeb) Importer(815301076,1909f56bfc062723c751e8b465ee728b)  -> (artifact id: '9d8c26d6b56ec4b9422aeed01950d6e8') in 0.001847 seconds
Number of updated asset objects reloaded before import = 0
Number of asset objects unloaded after import = 0
========================================================================
Received Import Request.
  Time since last request: 55.016086 seconds.
  path: Assets/Asset Forge Models/Textures
  artifactKey: Guid(471d29083cc5e43e0a6425ee74ccab97) Importer(815301076,1909f56bfc062723c751e8b465ee728b)
Start importing Assets/Asset Forge Models/Textures using Guid(471d29083cc5e43e0a6425ee74ccab97) Importer(815301076,1909f56bfc062723c751e8b465ee728b)  -> (artifact id: 'c031435a62e8125d5f0458b52048a96c') in 0.000507 seconds
Number of updated asset objects reloaded before import = 0
Number of asset objects unloaded after import = 0
========================================================================
Received Import Request.
  Time since last request: 34.657609 seconds.
  path: Assets/Asset Forge Models/Textures/_defaultMat(Clone).png
  artifactKey: Guid(6a689e496a10e441b8ca79a2c972a54a) Importer(815301076,1909f56bfc062723c751e8b465ee728b)
Start importing Assets/Asset Forge Models/Textures/_defaultMat(Clone).png using Guid(6a689e496a10e441b8ca79a2c972a54a) Importer(815301076,1909f56bfc062723c751e8b465ee728b)  -> (artifact id: 'c099329aae27fb293227ec2f00511e5a') in 0.002144 seconds
Number of updated asset objects reloaded before import = 0
Number of asset objects unloaded after import = 1
========================================================================
Received Import Request.
  Time since last request: 0.000065 seconds.
  path: Assets/Asset Forge Models/Textures/Wagon 2.png
  artifactKey: Guid(d90ca7c7001e640b1a1d0a2a395ed07c) Importer(815301076,1909f56bfc062723c751e8b465ee728b)
Start importing Assets/Asset Forge Models/Textures/Wagon 2.png using Guid(d90ca7c7001e640b1a1d0a2a395ed07c) Importer(815301076,1909f56bfc062723c751e8b465ee728b)  -> (artifact id: '5497f840fd53440cf55229c7509c2e55') in 0.001053 seconds
Number of updated asset objects reloaded before import = 0
Number of asset objects unloaded after import = 1
========================================================================
Received Import Request.
  Time since last request: 0.000066 seconds.
  path: Assets/Asset Forge Models/Textures/metal(Clone).png
  artifactKey: Guid(596d3770bc3a6448991607cf14d507b0) Importer(815301076,1909f56bfc062723c751e8b465ee728b)
Start importing Assets/Asset Forge Models/Textures/metal(Clone).png using Guid(596d3770bc3a6448991607cf14d507b0) Importer(815301076,1909f56bfc062723c751e8b465ee728b)  -> (artifact id: '533f35fce3ad0031afb216bc6856b475') in 0.001648 seconds
Number of updated asset objects reloaded before import = 0
Number of asset objects unloaded after import = 1
========================================================================
Received Import Request.
  Time since last request: 0.000082 seconds.
  path: Assets/Asset Forge Models/Textures/Quiver 2.png
  artifactKey: Guid(b310e093baf8043efaa39d90d8626f02) Importer(815301076,1909f56bfc062723c751e8b465ee728b)
Start importing Assets/Asset Forge Models/Textures/Quiver 2.png using Guid(b310e093baf8043efaa39d90d8626f02) Importer(815301076,1909f56bfc062723c751e8b465ee728b)  -> (artifact id: '9e3fa31f8e1ba5f01491e7923e255a78') in 0.001221 seconds
Number of updated asset objects reloaded before import = 0
Number of asset objects unloaded after import = 1
========================================================================
Received Import Request.
  Time since last request: 0.000057 seconds.
  path: Assets/Asset Forge Models/Textures/Weapon Rack 2.png
  artifactKey: Guid(6b30cead368aa4536a871fdeb05fa1eb) Importer(815301076,1909f56bfc062723c751e8b465ee728b)
Start importing Assets/Asset Forge Models/Textures/Weapon Rack 2.png using Guid(6b30cead368aa4536a871fdeb05fa1eb) Importer(815301076,1909f56bfc062723c751e8b465ee728b)  -> (artifact id: 'baa27567fbae8c3c6438a407a0e731be') in 0.001675 seconds
Number of updated asset objects reloaded before import = 0
Number of asset objects unloaded after import = 1
========================================================================
Received Import Request.
  Time since last request: 0.000079 seconds.
  path: Assets/Asset Forge Models/Textures/custom3(Clone).png
  artifactKey: Guid(be227e612209e4a9ab1279e0f011efdb) Importer(815301076,1909f56bfc062723c751e8b465ee728b)
Start importing Assets/Asset Forge Models/Textures/custom3(Clone).png using Guid(be227e612209e4a9ab1279e0f011efdb) Importer(815301076,1909f56bfc062723c751e8b465ee728b)  -> (artifact id: '4d809cffefa79838daf227b38422ac06') in 0.001154 seconds
Number of updated asset objects reloaded before import = 0
Number of asset objects unloaded after import = 1
========================================================================
Received Import Request.
  Time since last request: 0.000059 seconds.
  path: Assets/Asset Forge Models/Textures/Halberd 2.png
  artifactKey: Guid(ca774cd76e72948d0b2900d7fb1bd4d6) Importer(815301076,1909f56bfc062723c751e8b465ee728b)
Start importing Assets/Asset Forge Models/Textures/Halberd 2.png using Guid(ca774cd76e72948d0b2900d7fb1bd4d6) Importer(815301076,1909f56bfc062723c751e8b465ee728b)  -> (artifact id: '0d3a14a05a73bd34f32e912c06d47d59') in 0.001500 seconds
Number of updated asset objects reloaded before import = 0
Number of asset objects unloaded after import = 1
========================================================================
Received Import Request.
  Time since last request: 0.000160 seconds.
  path: Assets/Asset Forge Models/Textures/dark(Clone).png
  artifactKey: Guid(9a03c3f32a9e045f7a0f97818a0da47e) Importer(815301076,1909f56bfc062723c751e8b465ee728b)
Start importing Assets/Asset Forge Models/Textures/dark(Clone).png using Guid(9a03c3f32a9e045f7a0f97818a0da47e) Importer(815301076,1909f56bfc062723c751e8b465ee728b)  -> (artifact id: '1b18a1a922edbe628e48ce3b157a6960') in 0.001552 seconds
Number of updated asset objects reloaded before import = 0
Number of asset objects unloaded after import = 1
========================================================================
Received Import Request.
  Time since last request: 0.000073 seconds.
  path: Assets/Asset Forge Models/Textures/metalDark(Clone).png
  artifactKey: Guid(7e3345b1d484e45cb92f1a1dcc901d96) Importer(815301076,1909f56bfc062723c751e8b465ee728b)
Start importing Assets/Asset Forge Models/Textures/metalDark(Clone).png using Guid(7e3345b1d484e45cb92f1a1dcc901d96) Importer(815301076,1909f56bfc062723c751e8b465ee728b)  -> (artifact id: '04edf625a7e6c79abaaa2d783f3b1ce6') in 0.001646 seconds
Number of updated asset objects reloaded before import = 0
Number of asset objects unloaded after import = 1
========================================================================
Received Import Request.
  Time since last request: 0.000121 seconds.
  path: Assets/Asset Forge Models/Textures/custom6(Clone).png
  artifactKey: Guid(8369853fc70bc4abcb129beacdc3533d) Importer(815301076,1909f56bfc062723c751e8b465ee728b)
Start importing Assets/Asset Forge Models/Textures/custom6(Clone).png using Guid(8369853fc70bc4abcb129beacdc3533d) Importer(815301076,1909f56bfc062723c751e8b465ee728b)  -> (artifact id: 'aa51f9640b9d4f5afd8e76251951cd43') in 0.001286 seconds
Number of updated asset objects reloaded before import = 0
Number of asset objects unloaded after import = 1
Editor requested this worker to shutdown with reason: Scaling down because of idle timeout
TcpMessagingSession - receive error: operation aborted. errorcode: 89, details: Operation aborted.
AssetImportWorker is now disconnected from the server
Process exiting
