Unity Editor version:    2022.3.7f1 (b16b3b16c7a0)
Branch:                  2022.3/staging
Build type:              Release
Batch mode:              YES
macOS version:           Version 13.5.1 (Build 22G90)
Darwin version:          22.6.0
Architecture:            x86_64
Running under Rosetta:   NO
Available memory:        16384 MB
Using pre-set license
Pro License: YES

COMMAND LINE ARGUMENTS:
/Applications/Unity/Hub/Editor/2022.3.7f1/Unity.app/Contents/MacOS/Unity
-adb2
-batchMode
-noUpm
-name
AssetImportWorker2
-projectPath
/Users/jackson/Documents/GitHub/MAGD-372-Projects/372 Assignments and Projects
-logFile
Logs/AssetImportWorker2.log
-srvPort
50621
Successfully changed project path to: /Users/jackson/Documents/GitHub/MAGD-372-Projects/372 Assignments and Projects
/Users/jackson/Documents/GitHub/MAGD-372-Projects/372 Assignments and Projects
[UnityMemory] Configuration Parameters - Can be set up in boot.config
    "memorysetup-bucket-allocator-granularity=16"
    "memorysetup-bucket-allocator-bucket-count=8"
    "memorysetup-bucket-allocator-block-size=33554432"
    "memorysetup-bucket-allocator-block-count=8"
    "memorysetup-main-allocator-block-size=16777216"
    "memorysetup-thread-allocator-block-size=16777216"
    "memorysetup-gfx-main-allocator-block-size=16777216"
    "memorysetup-gfx-thread-allocator-block-size=16777216"
    "memorysetup-cache-allocator-block-size=4194304"
    "memorysetup-typetree-allocator-block-size=2097152"
    "memorysetup-profiler-bucket-allocator-granularity=16"
    "memorysetup-profiler-bucket-allocator-bucket-count=8"
    "memorysetup-profiler-bucket-allocator-block-size=33554432"
    "memorysetup-profiler-bucket-allocator-block-count=8"
    "memorysetup-profiler-allocator-block-size=16777216"
    "memorysetup-profiler-editor-allocator-block-size=1048576"
    "memorysetup-temp-allocator-size-main=16777216"
    "memorysetup-job-temp-allocator-block-size=2097152"
    "memorysetup-job-temp-allocator-block-size-background=1048576"
    "memorysetup-job-temp-allocator-reduction-small-platforms=262144"
    "memorysetup-allocator-temp-initial-block-size-main=262144"
    "memorysetup-allocator-temp-initial-block-size-worker=262144"
    "memorysetup-temp-allocator-size-background-worker=32768"
    "memorysetup-temp-allocator-size-job-worker=262144"
    "memorysetup-temp-allocator-size-preload-manager=33554432"
    "memorysetup-temp-allocator-size-nav-mesh-worker=65536"
    "memorysetup-temp-allocator-size-audio-worker=65536"
    "memorysetup-temp-allocator-size-cloud-worker=32768"
    "memorysetup-temp-allocator-size-gi-baking-worker=262144"
    "memorysetup-temp-allocator-size-gfx=262144"
Player connection [140704502019840] Host "[IP] 172.22.127.236 [Port] 0 [Flags] 2 [Guid] 1486468362 [EditorId] 1486468362 [Version] 1048832 [Id] OSXEditor(0,Jacksons-MacBook-Pro.local) [Debug] 1 [PackageName] OSXEditor [ProjectName] Editor" joined multi-casting on [225.0.0.222:54997]...

Player connection [140704502019840] Host "[IP] 172.22.127.236 [Port] 0 [Flags] 2 [Guid] 1486468362 [EditorId] 1486468362 [Version] 1048832 [Id] OSXEditor(0,Jacksons-MacBook-Pro.local) [Debug] 1 [PackageName] OSXEditor [ProjectName] Editor" joined alternative multi-casting on [225.0.0.222:34997]...

Refreshing native plugins compatible for Editor in 5.16 ms, found 3 plugins.
Preloading 0 native plugins for Editor in 0.00 ms.
Initialize engine version: 2022.3.7f1 (b16b3b16c7a0)
[Subsystems] Discovering subsystems at path /Applications/Unity/Hub/Editor/2022.3.7f1/Unity.app/Contents/Resources/UnitySubsystems
[Subsystems] Discovering subsystems at path /Users/jackson/Documents/GitHub/MAGD-372-Projects/372 Assignments and Projects/Assets
GfxDevice: creating device client; threaded=0; jobified=0
Color LCD preferred device: AMD Radeon Pro 5500M (high power)
Metal devices available: 2
0: AMD Radeon Pro 5500M (high power)
1: Intel(R) UHD Graphics 630 (low power)
Using device AMD Radeon Pro 5500M (high power)
Initializing Metal device caps: AMD Radeon Pro 5500M
Initialize mono
Mono path[0] = '/Applications/Unity/Hub/Editor/2022.3.7f1/Unity.app/Contents/Managed'
Mono path[1] = '/Applications/Unity/Hub/Editor/2022.3.7f1/Unity.app/Contents/MonoBleedingEdge/lib/mono/unityjit-macos'
Mono config path = '/Applications/Unity/Hub/Editor/2022.3.7f1/Unity.app/Contents/MonoBleedingEdge/etc'
Using monoOptions --debugger-agent=transport=dt_socket,embedding=1,server=y,suspend=n,address=127.0.0.1:56912
Begin MonoManager ReloadAssembly
Registering precompiled unity dll's ...
Register platform support module: /Applications/Unity/Hub/Editor/2022.3.7f1/Unity.app/Contents/PlaybackEngines/MacStandaloneSupport/UnityEditor.OSXStandalone.Extensions.dll
Registered in 0.001677 seconds.
- Loaded All Assemblies, in  0.452 seconds
Native extension for OSXStandalone target not found
Mono: successfully reloaded assembly
- Finished resetting the current domain, in  0.409 seconds
Domain Reload Profiling: 861ms
	BeginReloadAssembly (107ms)
		ExecutionOrderSort (0ms)
		DisableScriptedObjects (0ms)
		BackupInstance (0ms)
		ReleaseScriptingObjects (0ms)
		CreateAndSetChildDomain (1ms)
	RebuildCommonClasses (51ms)
	RebuildNativeTypeToScriptingClass (16ms)
	initialDomainReloadingComplete (71ms)
	LoadAllAssembliesAndSetupDomain (206ms)
		LoadAssemblies (107ms)
		RebuildTransferFunctionScriptingTraits (0ms)
		AnalyzeDomain (204ms)
			TypeCache.Refresh (201ms)
				TypeCache.ScanAssembly (184ms)
			ScanForSourceGeneratedMonoScriptInfo (0ms)
			ResolveRequiredComponents (1ms)
	FinalizeReload (410ms)
		ReleaseScriptCaches (0ms)
		RebuildScriptCaches (0ms)
		SetupLoadedEditorAssemblies (326ms)
			LogAssemblyErrors (0ms)
			InitializePlatformSupportModulesInManaged (9ms)
			SetLoadedEditorAssemblies (11ms)
			RefreshPlugins (0ms)
			BeforeProcessingInitializeOnLoad (3ms)
			ProcessInitializeOnLoadAttributes (225ms)
			ProcessInitializeOnLoadMethodAttributes (79ms)
			AfterProcessingInitializeOnLoad (0ms)
			EditorAssembliesLoaded (0ms)
		ExecutionOrderSort2 (0ms)
		AwakeInstancesAfterBackupRestoration (0ms)
========================================================================
Worker process is ready to serve import requests
Begin MonoManager ReloadAssembly
Symbol file LoadedFromMemory doesn't match image /Users/jackson/Documents/GitHub/MAGD-372-Projects/372 Assignments and Projects/Library/PackageCache/com.unity.visualscripting@1.8.0/Editor/VisualScripting.Core/Dependencies/YamlDotNet/Unity.VisualScripting.YamlDotNet.dll
Symbol file LoadedFromMemory doesn't match image /Users/jackson/Documents/GitHub/MAGD-372-Projects/372 Assignments and Projects/Library/PackageCache/com.unity.visualscripting@1.8.0/Editor/VisualScripting.Core/Dependencies/DotNetZip/Unity.VisualScripting.IonicZip.dll
- Loaded All Assemblies, in  0.812 seconds
Refreshing native plugins compatible for Editor in 1.84 ms, found 3 plugins.
Native extension for OSXStandalone target not found
Mono: successfully reloaded assembly
- Finished resetting the current domain, in  1.025 seconds
Domain Reload Profiling: 1837ms
	BeginReloadAssembly (172ms)
		ExecutionOrderSort (0ms)
		DisableScriptedObjects (9ms)
		BackupInstance (0ms)
		ReleaseScriptingObjects (0ms)
		CreateAndSetChildDomain (32ms)
	RebuildCommonClasses (47ms)
	RebuildNativeTypeToScriptingClass (16ms)
	initialDomainReloadingComplete (49ms)
	LoadAllAssembliesAndSetupDomain (526ms)
		LoadAssemblies (336ms)
		RebuildTransferFunctionScriptingTraits (0ms)
		AnalyzeDomain (272ms)
			TypeCache.Refresh (236ms)
				TypeCache.ScanAssembly (215ms)
			ScanForSourceGeneratedMonoScriptInfo (26ms)
			ResolveRequiredComponents (7ms)
	FinalizeReload (1026ms)
		ReleaseScriptCaches (0ms)
		RebuildScriptCaches (0ms)
		SetupLoadedEditorAssemblies (814ms)
			LogAssemblyErrors (0ms)
			InitializePlatformSupportModulesInManaged (5ms)
			SetLoadedEditorAssemblies (5ms)
			RefreshPlugins (0ms)
			BeforeProcessingInitializeOnLoad (75ms)
			ProcessInitializeOnLoadAttributes (700ms)
			ProcessInitializeOnLoadMethodAttributes (26ms)
			AfterProcessingInitializeOnLoad (2ms)
			EditorAssembliesLoaded (0ms)
		ExecutionOrderSort2 (0ms)
		AwakeInstancesAfterBackupRestoration (5ms)
Launching external process: /Applications/Unity/Hub/Editor/2022.3.7f1/Unity.app/Contents/Tools/UnityShaderCompiler
Launched and connected shader compiler UnityShaderCompiler after 0.09 seconds
Refreshing native plugins compatible for Editor in 3.22 ms, found 3 plugins.
Preloading 0 native plugins for Editor in 0.00 ms.
Unloading 3956 Unused Serialized files (Serialized files now loaded: 0)
Unloading 66 unused Assets / (1.4 MB). Loaded Objects now: 4410.
Memory consumption went from 162.5 MB to 161.0 MB.
Total: 5.749029 ms (FindLiveObjects: 0.430905 ms CreateObjectMapping: 0.423353 ms MarkObjects: 4.324822 ms  DeleteObjects: 0.568843 ms)

AssetImportParameters requested are different than current active one (requested -> active):
  custom:container-demuxer-ogg: 62fdf1f143b41e24485cea50d1cbac27 -> 
  custom:video-decoder-ogg-theora: a1e56fd34408186e4bbccfd4996cb3dc -> 
  custom:CustomObjectIndexerAttribute: 756ad292c208cfabdd7b50bc23989ffe -> 
  custom:container-demuxer-webm: 4f35f7cbe854078d1ac9338744f61a02 -> 
  custom:container-muxer-webm: aa71ff27fc2769a1b78a27578f13a17b -> 
  custom:video-decoder-webm-vp8: 9c59270c3fd7afecdb556c50c9e8de78 -> 
  custom:SearchIndexIgnoredProperties: e643bd26f0fe6173181afceb89e7c659 -> 
  custom:AudioImporter_EditorPlatform: 3918e3fc78b5a79bad01e8451be0beb8 -> 
  custom:framework-osx-AVFoundation: e770b220cccbd017edd2c1fefb359320 -> 
  custom:video-encoder-webm-vp8: eb34c28f22e8b96e1ab97ce403110664 -> 
  custom:audio-decoder-ogg-vorbis: bf7c407c2cedff20999df2af8eb42d56 -> 
  custom:audio-encoder-webm-vorbis: bf7c407c2cedff20999df2af8eb42d56 -> 
========================================================================
Received Import Request.
  Time since last request: 19741.765463 seconds.
  path: Assets/AurynSky/Forest Pack/Models/ForestTreeDTall.fbx
  artifactKey: Guid(a2c5addf9682ab24d8a7163ed106e4e8) Importer(815301076,1909f56bfc062723c751e8b465ee728b)
Start importing Assets/AurynSky/Forest Pack/Models/ForestTreeDTall.fbx using Guid(a2c5addf9682ab24d8a7163ed106e4e8) Importer(815301076,1909f56bfc062723c751e8b465ee728b)  -> (artifact id: '2f52f8d0584aefced26bab1db26d6546') in 1.012420 seconds
Number of updated asset objects reloaded before import = 0
Number of asset objects unloaded after import = 8
========================================================================
Received Import Request.
  Time since last request: 0.000062 seconds.
  path: Assets/AurynSky/Forest Pack/Models/ForestGround02.fbx
  artifactKey: Guid(caca2dfcd7da619408439605ff0667a4) Importer(815301076,1909f56bfc062723c751e8b465ee728b)
Start importing Assets/AurynSky/Forest Pack/Models/ForestGround02.fbx using Guid(caca2dfcd7da619408439605ff0667a4) Importer(815301076,1909f56bfc062723c751e8b465ee728b)  -> (artifact id: 'a9976a1fe5657dbcf4c46961d27a90ca') in 0.017531 seconds
Number of updated asset objects reloaded before import = 0
Number of asset objects unloaded after import = 8
========================================================================
Received Import Request.
  Time since last request: 0.000161 seconds.
  path: Assets/AurynSky/Forest Pack/Models/ForestCoin.fbx
  artifactKey: Guid(200be9953d192cd48a8b41a5db3fd1bf) Importer(815301076,1909f56bfc062723c751e8b465ee728b)
Start importing Assets/AurynSky/Forest Pack/Models/ForestCoin.fbx using Guid(200be9953d192cd48a8b41a5db3fd1bf) Importer(815301076,1909f56bfc062723c751e8b465ee728b)  -> (artifact id: '6287ecacdda79682223bb4445e21c829') in 0.018291 seconds
Number of updated asset objects reloaded before import = 0
Number of asset objects unloaded after import = 8
========================================================================
Received Import Request.
  Time since last request: 0.000053 seconds.
  path: Assets/AurynSky/Forest Pack/Models/ForestBlock01.fbx
  artifactKey: Guid(8f059788f09129548819124918076d2e) Importer(815301076,1909f56bfc062723c751e8b465ee728b)
Start importing Assets/AurynSky/Forest Pack/Models/ForestBlock01.fbx using Guid(8f059788f09129548819124918076d2e) Importer(815301076,1909f56bfc062723c751e8b465ee728b)  -> (artifact id: '9516d4733b5176d7dd129918f8b76071') in 0.017877 seconds
Number of updated asset objects reloaded before import = 0
Number of asset objects unloaded after import = 8
========================================================================
Received Import Request.
  Time since last request: 0.000045 seconds.
  path: Assets/AurynSky/Forest Pack/Models/ForestChestTop.fbx
  artifactKey: Guid(55df886252da3624fbe98bce822145ff) Importer(815301076,1909f56bfc062723c751e8b465ee728b)
Start importing Assets/AurynSky/Forest Pack/Models/ForestChestTop.fbx using Guid(55df886252da3624fbe98bce822145ff) Importer(815301076,1909f56bfc062723c751e8b465ee728b)  -> (artifact id: '9ab8f890a09f37360fa3d51c874b7eb6') in 0.092039 seconds
Number of updated asset objects reloaded before import = 0
Number of asset objects unloaded after import = 8
========================================================================
Received Import Request.
  Time since last request: 0.000057 seconds.
  path: Assets/AurynSky/Forest Pack/Models/ForestCastleWindow.fbx
  artifactKey: Guid(1eab687d6dbcf7847ab55b00b3c9c91b) Importer(815301076,1909f56bfc062723c751e8b465ee728b)
Start importing Assets/AurynSky/Forest Pack/Models/ForestCastleWindow.fbx using Guid(1eab687d6dbcf7847ab55b00b3c9c91b) Importer(815301076,1909f56bfc062723c751e8b465ee728b)  -> (artifact id: 'b02655bccf65bbfbbac0407e8ff9cd73') in 0.024731 seconds
Number of updated asset objects reloaded before import = 0
Number of asset objects unloaded after import = 8
========================================================================
Received Import Request.
  Time since last request: 0.000085 seconds.
  path: Assets/AurynSky/Forest Pack/Models/ForestCannonBall.fbx
  artifactKey: Guid(18a61d73650d23046b60f8a548888c12) Importer(815301076,1909f56bfc062723c751e8b465ee728b)
Start importing Assets/AurynSky/Forest Pack/Models/ForestCannonBall.fbx using Guid(18a61d73650d23046b60f8a548888c12) Importer(815301076,1909f56bfc062723c751e8b465ee728b)  -> (artifact id: 'ae6014198d438e6ae14d13001f8760e7') in 0.026099 seconds
Number of updated asset objects reloaded before import = 0
Number of asset objects unloaded after import = 8
========================================================================
Received Import Request.
  Time since last request: 0.000055 seconds.
  path: Assets/AurynSky/Forest Pack/Models/ForestGrass01.fbx
  artifactKey: Guid(dc09b7fdd0db0bd499b52f8862b84c83) Importer(815301076,1909f56bfc062723c751e8b465ee728b)
Start importing Assets/AurynSky/Forest Pack/Models/ForestGrass01.fbx using Guid(dc09b7fdd0db0bd499b52f8862b84c83) Importer(815301076,1909f56bfc062723c751e8b465ee728b)  -> (artifact id: 'fd6da6b0158743f2d4c25cc98920aa60') in 0.025389 seconds
Number of updated asset objects reloaded before import = 0
Number of asset objects unloaded after import = 8
========================================================================
Received Import Request.
  Time since last request: 0.000090 seconds.
  path: Assets/AurynSky/Forest Pack/Models/ForestBarrel.fbx
  artifactKey: Guid(0e448df1bb3fe6d44ae7119bf0d484aa) Importer(815301076,1909f56bfc062723c751e8b465ee728b)
Start importing Assets/AurynSky/Forest Pack/Models/ForestBarrel.fbx using Guid(0e448df1bb3fe6d44ae7119bf0d484aa) Importer(815301076,1909f56bfc062723c751e8b465ee728b)  -> (artifact id: 'edbcd7bf53d8d157c5ec1a0733878a02') in 0.024619 seconds
Number of updated asset objects reloaded before import = 0
Number of asset objects unloaded after import = 8
========================================================================
Received Import Request.
  Time since last request: 3.944376 seconds.
  path: Assets/AurynSky/Forest Pack/Prefabs/Fire.prefab
  artifactKey: Guid(f584b4d5076829f4799f9d4dcf6de929) Importer(815301076,1909f56bfc062723c751e8b465ee728b)
Start importing Assets/AurynSky/Forest Pack/Prefabs/Fire.prefab using Guid(f584b4d5076829f4799f9d4dcf6de929) Importer(815301076,1909f56bfc062723c751e8b465ee728b)  -> (artifact id: '16592fbbbd5fa81d9e102da02f3aeb83') in 0.091739 seconds
Number of updated asset objects reloaded before import = 0
Number of asset objects unloaded after import = 8
========================================================================
Received Import Request.
  Time since last request: 0.000055 seconds.
  path: Assets/AurynSky/Forest Pack/Prefabs/ForestGroundDirt.prefab
  artifactKey: Guid(13f1670c2e187874784d0f667f9057f5) Importer(815301076,1909f56bfc062723c751e8b465ee728b)
Start importing Assets/AurynSky/Forest Pack/Prefabs/ForestGroundDirt.prefab using Guid(13f1670c2e187874784d0f667f9057f5) Importer(815301076,1909f56bfc062723c751e8b465ee728b)  -> (artifact id: '81b4b26d8f6bdb94397480b6244ea9b1') in 0.321602 seconds
Number of updated asset objects reloaded before import = 0
Number of asset objects unloaded after import = 9
========================================================================
Received Import Request.
  Time since last request: 0.000071 seconds.
  path: Assets/AurynSky/Forest Pack/Prefabs/ForestTreeDTall.prefab
  artifactKey: Guid(eb322b3f7ad50984197dced1b53b11ee) Importer(815301076,1909f56bfc062723c751e8b465ee728b)
Start importing Assets/AurynSky/Forest Pack/Prefabs/ForestTreeDTall.prefab using Guid(eb322b3f7ad50984197dced1b53b11ee) Importer(815301076,1909f56bfc062723c751e8b465ee728b)  -> (artifact id: 'e47826707ed53cd93bc6441868259e12') in 0.008088 seconds
Number of updated asset objects reloaded before import = 0
Number of asset objects unloaded after import = 9
========================================================================
Received Import Request.
  Time since last request: 0.000057 seconds.
  path: Assets/AurynSky/Forest Pack/Prefabs/ForestGrass01.prefab
  artifactKey: Guid(6c919ec1c1e88a94c95afc28b198b9f8) Importer(815301076,1909f56bfc062723c751e8b465ee728b)
Start importing Assets/AurynSky/Forest Pack/Prefabs/ForestGrass01.prefab using Guid(6c919ec1c1e88a94c95afc28b198b9f8) Importer(815301076,1909f56bfc062723c751e8b465ee728b)  -> (artifact id: '4aa42f53218880147ae1705da2a887f2') in 0.008518 seconds
Number of updated asset objects reloaded before import = 0
Number of asset objects unloaded after import = 9
========================================================================
Received Import Request.
  Time since last request: 0.000070 seconds.
  path: Assets/AurynSky/Forest Pack/Prefabs/RiverQuadSolo.prefab
  artifactKey: Guid(358cf835a1cf6dc44be7c394778cb1ce) Importer(815301076,1909f56bfc062723c751e8b465ee728b)
Start importing Assets/AurynSky/Forest Pack/Prefabs/RiverQuadSolo.prefab using Guid(358cf835a1cf6dc44be7c394778cb1ce) Importer(815301076,1909f56bfc062723c751e8b465ee728b)  -> (artifact id: '695efa8b6109ea43d159a09468b29215') in 0.007929 seconds
Number of updated asset objects reloaded before import = 0
Number of asset objects unloaded after import = 10
========================================================================
Received Import Request.
  Time since last request: 0.000058 seconds.
  path: Assets/AurynSky/Forest Pack/Prefabs/ForestTreeAppleShort.prefab
  artifactKey: Guid(f4f82206765cef54ca8f19ce34136e8a) Importer(815301076,1909f56bfc062723c751e8b465ee728b)
Start importing Assets/AurynSky/Forest Pack/Prefabs/ForestTreeAppleShort.prefab using Guid(f4f82206765cef54ca8f19ce34136e8a) Importer(815301076,1909f56bfc062723c751e8b465ee728b)  -> (artifact id: 'b33866243b1172338258c085b8591280') in 0.008678 seconds
Number of updated asset objects reloaded before import = 0
Number of asset objects unloaded after import = 9
========================================================================
Received Import Request.
  Time since last request: 0.000076 seconds.
  path: Assets/AurynSky/Forest Pack/Prefabs/ForestTreePineShort2.prefab
  artifactKey: Guid(7ad57e94574375240b181f8584be81c2) Importer(815301076,1909f56bfc062723c751e8b465ee728b)
Start importing Assets/AurynSky/Forest Pack/Prefabs/ForestTreePineShort2.prefab using Guid(7ad57e94574375240b181f8584be81c2) Importer(815301076,1909f56bfc062723c751e8b465ee728b)  -> (artifact id: 'dbba39570e907930e1700eb86371934f') in 0.010511 seconds
Number of updated asset objects reloaded before import = 0
Number of asset objects unloaded after import = 9
========================================================================
Received Import Request.
  Time since last request: 0.000104 seconds.
  path: Assets/AurynSky/Forest Pack/Prefabs/ForestTreeAppleTall.prefab
  artifactKey: Guid(7747cd3716304194fb26aa4e29900eb1) Importer(815301076,1909f56bfc062723c751e8b465ee728b)
Start importing Assets/AurynSky/Forest Pack/Prefabs/ForestTreeAppleTall.prefab using Guid(7747cd3716304194fb26aa4e29900eb1) Importer(815301076,1909f56bfc062723c751e8b465ee728b)  -> (artifact id: '9cb7e445744ad74ae9afd692be1bd853') in 0.009345 seconds
Number of updated asset objects reloaded before import = 0
Number of asset objects unloaded after import = 9
========================================================================
Received Import Request.
  Time since last request: 0.000085 seconds.
  path: Assets/AurynSky/Forest Pack/Prefabs/ForestTreePineTall.prefab
  artifactKey: Guid(e150e8680dcf9784a89843e55668ad0e) Importer(815301076,1909f56bfc062723c751e8b465ee728b)
Start importing Assets/AurynSky/Forest Pack/Prefabs/ForestTreePineTall.prefab using Guid(e150e8680dcf9784a89843e55668ad0e) Importer(815301076,1909f56bfc062723c751e8b465ee728b)  -> (artifact id: 'b1950a33ac029c65ec2f2425c61c4940') in 0.008548 seconds
Number of updated asset objects reloaded before import = 0
Number of asset objects unloaded after import = 9
========================================================================
Received Import Request.
  Time since last request: 2.574397 seconds.
  path: Assets/AurynSky/Forest Pack/Materials/ColorPaletteBLUE.mat
  artifactKey: Guid(e77b003cd8771304abfc74dd93c9f934) Importer(815301076,1909f56bfc062723c751e8b465ee728b)
Start importing Assets/AurynSky/Forest Pack/Materials/ColorPaletteBLUE.mat using Guid(e77b003cd8771304abfc74dd93c9f934) Importer(815301076,1909f56bfc062723c751e8b465ee728b)  -> (artifact id: '00d94453618d25bdf5184cd0dc6b7eb5') in 0.016411 seconds
Number of updated asset objects reloaded before import = 0
Number of asset objects unloaded after import = 2
========================================================================
Received Import Request.
  Time since last request: 0.000069 seconds.
  path: Assets/AurynSky/Forest Pack/Materials/Water.mat
  artifactKey: Guid(db6fe5b017a481740b6a70f2ea5860d5) Importer(815301076,1909f56bfc062723c751e8b465ee728b)
Start importing Assets/AurynSky/Forest Pack/Materials/Water.mat using Guid(db6fe5b017a481740b6a70f2ea5860d5) Importer(815301076,1909f56bfc062723c751e8b465ee728b)  -> (artifact id: '0b09cb1d39c26edd9c675bdeaa53480a') in 0.013137 seconds
Number of updated asset objects reloaded before import = 0
Number of asset objects unloaded after import = 2
Editor requested this worker to shutdown with reason: Scaling down because of idle timeout
TcpMessagingSession - receive error: operation aborted. errorcode: 89, details: Operation aborted.
AssetImportWorker is now disconnected from the server
Process exiting
